<?xml version="1.0" encoding="UTF-8"?>
<testng-results skipped="0" failed="0" ignored="0" total="1" passed="1">
  <reporter-output>
    <line>
      <![CDATA[ready to create the report]]>
    </line>
  </reporter-output>
  <suite name="Suite" duration-ms="20438" started-at="2022-03-15T08:21:05Z" finished-at="2022-03-15T08:21:26Z">
    <groups>
    </groups>
    <test name="Test" duration-ms="20438" started-at="2022-03-15T08:21:05Z" finished-at="2022-03-15T08:21:26Z">
      <class name="com.automation.testcase.LoginTestCRM">
        <test-method status="PASS" signature="ExcelDataProvider()[pri:0, instance:com.automation.testcase.LoginTestCRM@2f177a4b]" name="ExcelDataProvider" is-config="true" duration-ms="603" started-at="2022-03-15T13:51:05Z" finished-at="2022-03-15T13:51:05Z">
          <reporter-output>
          </reporter-output>
        </test-method> <!-- ExcelDataProvider -->
        <test-method status="PASS" signature="setup()[pri:0, instance:com.automation.testcase.LoginTestCRM@2f177a4b]" name="setup" is-config="true" duration-ms="8807" started-at="2022-03-15T13:51:05Z" finished-at="2022-03-15T13:51:14Z">
          <reporter-output>
          </reporter-output>
        </test-method> <!-- setup -->
        <test-method status="PASS" signature="loginApp()[pri:1, instance:com.automation.testcase.LoginTestCRM@2f177a4b]" name="loginApp" duration-ms="10354" started-at="2022-03-15T13:51:14Z" finished-at="2022-03-15T13:51:24Z">
          <reporter-output>
            <line>
              <![CDATA[ready to create the report]]>
            </line>
          </reporter-output>
        </test-method> <!-- loginApp -->
        <test-method status="PASS" signature="teardownmethod(org.testng.ITestResult)[pri:0, instance:com.automation.testcase.LoginTestCRM@2f177a4b]" name="teardownmethod" is-config="true" duration-ms="469" started-at="2022-03-15T13:51:24Z" finished-at="2022-03-15T13:51:25Z">
          <params>
            <param index="0">
              <value>
                <![CDATA[[TestResult name=loginApp status=SUCCESS method=LoginTestCRM.loginApp()[pri:1, instance:com.automation.testcase.LoginTestCRM@2f177a4b] output=ready to create the report]]]>
              </value>
            </param>
          </params>
          <reporter-output>
          </reporter-output>
        </test-method> <!-- teardownmethod -->
        <test-method status="PASS" signature="teardown()[pri:0, instance:com.automation.testcase.LoginTestCRM@2f177a4b]" name="teardown" is-config="true" duration-ms="783" started-at="2022-03-15T13:51:25Z" finished-at="2022-03-15T13:51:26Z">
          <reporter-output>
          </reporter-output>
        </test-method> <!-- teardown -->
      </class> <!-- com.automation.testcase.LoginTestCRM -->
    </test> <!-- Test -->
  </suite> <!-- Suite -->
</testng-results>
