<?xml version="1.0" encoding="UTF-8"?>
<testng-results skipped="0" failed="0" ignored="0" total="1" passed="1">
  <reporter-output>
  </reporter-output>
  <suite name="Suite" duration-ms="22510" started-at="2022-03-14T16:04:50Z" finished-at="2022-03-14T16:05:13Z">
    <groups>
    </groups>
    <test name="Test" duration-ms="22510" started-at="2022-03-14T16:04:50Z" finished-at="2022-03-14T16:05:13Z">
      <class name="com.automation.testcase.LoginTestCRM">
        <test-method status="PASS" signature="ExcelDataProvider()[pri:0, instance:com.automation.testcase.LoginTestCRM@2f177a4b]" name="ExcelDataProvider" is-config="true" duration-ms="387" started-at="2022-03-14T21:34:50Z" finished-at="2022-03-14T21:34:50Z">
          <reporter-output>
          </reporter-output>
        </test-method> <!-- ExcelDataProvider -->
        <test-method status="PASS" signature="setup()[pri:0, instance:com.automation.testcase.LoginTestCRM@2f177a4b]" name="setup" is-config="true" duration-ms="6855" started-at="2022-03-14T21:34:50Z" finished-at="2022-03-14T21:34:57Z">
          <reporter-output>
          </reporter-output>
        </test-method> <!-- setup -->
        <test-method status="PASS" signature="loginApp()[pri:1, instance:com.automation.testcase.LoginTestCRM@2f177a4b]" name="loginApp" duration-ms="14504" started-at="2022-03-14T21:34:57Z" finished-at="2022-03-14T21:35:11Z">
          <reporter-output>
          </reporter-output>
        </test-method> <!-- loginApp -->
        <test-method status="PASS" signature="teardownmethod(org.testng.ITestResult)[pri:0, instance:com.automation.testcase.LoginTestCRM@2f177a4b]" name="teardownmethod" is-config="true" duration-ms="360" started-at="2022-03-14T21:35:11Z" finished-at="2022-03-14T21:35:12Z">
          <params>
            <param index="0">
              <value>
                <![CDATA[[TestResult name=loginApp status=SUCCESS method=LoginTestCRM.loginApp()[pri:1, instance:com.automation.testcase.LoginTestCRM@2f177a4b] output={null}]]]>
              </value>
            </param>
          </params>
          <reporter-output>
          </reporter-output>
        </test-method> <!-- teardownmethod -->
        <test-method status="PASS" signature="teardown()[pri:0, instance:com.automation.testcase.LoginTestCRM@2f177a4b]" name="teardown" is-config="true" duration-ms="779" started-at="2022-03-14T21:35:12Z" finished-at="2022-03-14T21:35:13Z">
          <reporter-output>
          </reporter-output>
        </test-method> <!-- teardown -->
      </class> <!-- com.automation.testcase.LoginTestCRM -->
    </test> <!-- Test -->
  </suite> <!-- Suite -->
</testng-results>
